# JRE version: OpenJDK Runtime Environment Temurin-21.0.7+6 (21.0.7+6) (build 21.0.7+6-LTS)
# Java VM: OpenJDK 64-Bit Server VM Temurin-21.0.7+6 (21.0.7+6-LTS, mixed mode, sharing, tiered, compressed oops, compressed class ptrs, parallel gc, windows-amd64)
GC Precious Log:
 CardTable entry size: 512
 CPUs: 8 total, 8 available
 Memory: 7886M
 Large Page Support: Disabled
 NUMA Support: Disabled
 Compressed Oops: Enabled (32-bit)
 Alignments: Space 512K, Generation 512K, Heap 2M
 Heap Min Capacity: 100M
 Heap Initial Capacity: 100M
 Heap Max Capacity: 1G
 Pre-touch: Disabled
 Parallel Workers: 8
Heap:
 PSYoungGen      total 6144K, used 2803K [0x00000000eab00000, 0x00000000eb300000, 0x0000000100000000)
  eden space 5120K, 34% used [0x00000000eab00000,0x00000000eacbe5b8,0x00000000eb000000)
  from space 1024K, 99% used [0x00000000eb080000,0x00000000eb17e7e8,0x00000000eb180000)
  to   space 1536K, 0% used [0x00000000eb180000,0x00000000eb180000,0x00000000eb300000)
 ParOldGen       total 97280K, used 86055K [0x00000000c0000000, 0x00000000c5f00000, 0x00000000eab00000)
  object space 97280K, 88% used [0x00000000c0000000,0x00000000c5409d50,0x00000000c5f00000)
 Metaspace       used 58779K, committed 60096K, reserved 1114112K
  class space    used 5995K, committed 6592K, reserved 1048576K
GC Heap History (20 events):
Event: 54.605 GC heap before
{Heap before GC invocations=59 (full 2):
 PSYoungGen      total 8192K, used 8101K [0x00000000eab00000, 0x00000000eb500000, 0x0000000100000000)
  eden space 6656K, 100% used [0x00000000eab00000,0x00000000eb180000,0x00000000eb180000)
  from space 1536K, 94% used [0x00000000eb380000,0x00000000eb4e9690,0x00000000eb500000)
  to   space 1536K, 0% used [0x00000000eb180000,0x00000000eb180000,0x00000000eb300000)
 ParOldGen       total 90112K, used 90008K [0x00000000c0000000, 0x00000000c5800000, 0x00000000eab00000)
  object space 90112K, 99% used [0x00000000c0000000,0x00000000c57e6178,0x00000000c5800000)
 Metaspace       used 56553K, committed 57856K, reserved 1114112K
  class space    used 5867K, committed 6464K, reserved 1048576K
}
Event: 54.610 GC heap after
{Heap after GC invocations=59 (full 2):
 PSYoungGen      total 8192K, used 706K [0x00000000eab00000, 0x00000000eb400000, 0x0000000100000000)
  eden space 6656K, 0% used [0x00000000eab00000,0x00000000eab00000,0x00000000eb180000)
  from space 1536K, 45% used [0x00000000eb180000,0x00000000eb230a28,0x00000000eb300000)
  to   space 1024K, 0% used [0x00000000eb300000,0x00000000eb300000,0x00000000eb400000)
 ParOldGen       total 91648K, used 91272K [0x00000000c0000000, 0x00000000c5980000, 0x00000000eab00000)
  object space 91648K, 99% used [0x00000000c0000000,0x00000000c5922180,0x00000000c5980000)
 Metaspace       used 56553K, committed 57856K, reserved 1114112K
  class space    used 5867K, committed 6464K, reserved 1048576K
}
Event: 54.989 GC heap before
{Heap before GC invocations=60 (full 2):
 PSYoungGen      total 8192K, used 7362K [0x00000000eab00000, 0x00000000eb400000, 0x0000000100000000)
  eden space 6656K, 100% used [0x00000000eab00000,0x00000000eb180000,0x00000000eb180000)
  from space 1536K, 45% used [0x00000000eb180000,0x00000000eb230a28,0x00000000eb300000)
  to   space 1024K, 0% used [0x00000000eb300000,0x00000000eb300000,0x00000000eb400000)
 ParOldGen       total 91648K, used 91272K [0x00000000c0000000, 0x00000000c5980000, 0x00000000eab00000)
  object space 91648K, 99% used [0x00000000c0000000,0x00000000c5922180,0x00000000c5980000)
 Metaspace       used 56748K, committed 58112K, reserved 1114112K
  class space    used 5867K, committed 6464K, reserved 1048576K
}
Event: 54.992 GC heap after
{Heap after GC invocations=60 (full 2):
 PSYoungGen      total 7168K, used 1023K [0x00000000eab00000, 0x00000000eb580000, 0x0000000100000000)
  eden space 6144K, 0% used [0x00000000eab00000,0x00000000eab00000,0x00000000eb100000)
  from space 1024K, 99% used [0x00000000eb300000,0x00000000eb3fffb8,0x00000000eb400000)
  to   space 2048K, 0% used [0x00000000eb100000,0x00000000eb100000,0x00000000eb300000)
 ParOldGen       total 92160K, used 91856K [0x00000000c0000000, 0x00000000c5a00000, 0x00000000eab00000)
  object space 92160K, 99% used [0x00000000c0000000,0x00000000c59b42b8,0x00000000c5a00000)
 Metaspace       used 56748K, committed 58112K, reserved 1114112K
  class space    used 5867K, committed 6464K, reserved 1048576K
}
Event: 55.159 GC heap before
{Heap before GC invocations=61 (full 2):
 PSYoungGen      total 7168K, used 7167K [0x00000000eab00000, 0x00000000eb580000, 0x0000000100000000)
  eden space 6144K, 100% used [0x00000000eab00000,0x00000000eb100000,0x00000000eb100000)
  from space 1024K, 99% used [0x00000000eb300000,0x00000000eb3fffb8,0x00000000eb400000)
  to   space 2048K, 0% used [0x00000000eb100000,0x00000000eb100000,0x00000000eb300000)
 ParOldGen       total 92160K, used 91856K [0x00000000c0000000, 0x00000000c5a00000, 0x00000000eab00000)
  object space 92160K, 99% used [0x00000000c0000000,0x00000000c59b42b8,0x00000000c5a00000)
 Metaspace       used 56837K, committed 58176K, reserved 1114112K
  class space    used 5869K, committed 6464K, reserved 1048576K
}
Event: 55.164 GC heap after
{Heap after GC invocations=61 (full 2):
 PSYoungGen      total 7680K, used 1079K [0x00000000eab00000, 0x00000000eb400000, 0x0000000100000000)
  eden space 6144K, 0% used [0x00000000eab00000,0x00000000eab00000,0x00000000eb100000)
  from space 1536K, 70% used [0x00000000eb100000,0x00000000eb20de50,0x00000000eb280000)
  to   space 1536K, 0% used [0x00000000eb280000,0x00000000eb280000,0x00000000eb400000)
 ParOldGen       total 93184K, used 92809K [0x00000000c0000000, 0x00000000c5b00000, 0x00000000eab00000)
  object space 93184K, 99% used [0x00000000c0000000,0x00000000c5aa2558,0x00000000c5b00000)
 Metaspace       used 56837K, committed 58176K, reserved 1114112K
  class space    used 5869K, committed 6464K, reserved 1048576K
}
Event: 55.534 GC heap before
{Heap before GC invocations=62 (full 2):
 PSYoungGen      total 7680K, used 7223K [0x00000000eab00000, 0x00000000eb400000, 0x0000000100000000)
  eden space 6144K, 100% used [0x00000000eab00000,0x00000000eb100000,0x00000000eb100000)
  from space 1536K, 70% used [0x00000000eb100000,0x00000000eb20de50,0x00000000eb280000)
  to   space 1536K, 0% used [0x00000000eb280000,0x00000000eb280000,0x00000000eb400000)
 ParOldGen       total 93184K, used 92809K [0x00000000c0000000, 0x00000000c5b00000, 0x00000000eab00000)
  object space 93184K, 99% used [0x00000000c0000000,0x00000000c5aa2558,0x00000000c5b00000)
 Metaspace       used 57083K, committed 58368K, reserved 1114112K
  class space    used 5892K, committed 6464K, reserved 1048576K
}
Event: 55.537 GC heap after
{Heap after GC invocations=62 (full 2):
 PSYoungGen      total 7680K, used 998K [0x00000000eab00000, 0x00000000eb400000, 0x0000000100000000)
  eden space 6144K, 0% used [0x00000000eab00000,0x00000000eab00000,0x00000000eb100000)
  from space 1536K, 64% used [0x00000000eb280000,0x00000000eb3798b0,0x00000000eb400000)
  to   space 1536K, 0% used [0x00000000eb100000,0x00000000eb100000,0x00000000eb280000)
 ParOldGen       total 94208K, used 93763K [0x00000000c0000000, 0x00000000c5c00000, 0x00000000eab00000)
  object space 94208K, 99% used [0x00000000c0000000,0x00000000c5b90f90,0x00000000c5c00000)
 Metaspace       used 57083K, committed 58368K, reserved 1114112K
  class space    used 5892K, committed 6464K, reserved 1048576K
}
Event: 56.342 GC heap before
{Heap before GC invocations=63 (full 2):
 PSYoungGen      total 7680K, used 7142K [0x00000000eab00000, 0x00000000eb400000, 0x0000000100000000)
  eden space 6144K, 100% used [0x00000000eab00000,0x00000000eb100000,0x00000000eb100000)
  from space 1536K, 64% used [0x00000000eb280000,0x00000000eb3798b0,0x00000000eb400000)
  to   space 1536K, 0% used [0x00000000eb100000,0x00000000eb100000,0x00000000eb280000)
 ParOldGen       total 94208K, used 93763K [0x00000000c0000000, 0x00000000c5c00000, 0x00000000eab00000)
  object space 94208K, 99% used [0x00000000c0000000,0x00000000c5b90f90,0x00000000c5c00000)
 Metaspace       used 57670K, committed 58944K, reserved 1114112K
  class space    used 5973K, committed 6528K, reserved 1048576K
}
Event: 56.349 GC heap after
{Heap after GC invocations=63 (full 2):
 PSYoungGen      total 7168K, used 829K [0x00000000eab00000, 0x00000000eb300000, 0x0000000100000000)
  eden space 6144K, 0% used [0x00000000eab00000,0x00000000eab00000,0x00000000eb100000)
  from space 1024K, 80% used [0x00000000eb100000,0x00000000eb1cf580,0x00000000eb200000)
  to   space 1024K, 0% used [0x00000000eb200000,0x00000000eb200000,0x00000000eb300000)
 ParOldGen       total 94720K, used 94711K [0x00000000c0000000, 0x00000000c5c80000, 0x00000000eab00000)
  object space 94720K, 99% used [0x00000000c0000000,0x00000000c5c7de98,0x00000000c5c80000)
 Metaspace       used 57670K, committed 58944K, reserved 1114112K
  class space    used 5973K, committed 6528K, reserved 1048576K
}
Event: 57.109 GC heap before
{Heap before GC invocations=64 (full 2):
 PSYoungGen      total 7168K, used 6973K [0x00000000eab00000, 0x00000000eb300000, 0x0000000100000000)
  eden space 6144K, 100% used [0x00000000eab00000,0x00000000eb100000,0x00000000eb100000)
  from space 1024K, 80% used [0x00000000eb100000,0x00000000eb1cf580,0x00000000eb200000)
  to   space 1024K, 0% used [0x00000000eb200000,0x00000000eb200000,0x00000000eb300000)
 ParOldGen       total 94720K, used 94711K [0x00000000c0000000, 0x00000000c5c80000, 0x00000000eab00000)
  object space 94720K, 99% used [0x00000000c0000000,0x00000000c5c7de98,0x00000000c5c80000)
 Metaspace       used 57941K, committed 59328K, reserved 1114112K
  class space    used 5989K, committed 6592K, reserved 1048576K
}
Event: 57.114 GC heap after
{Heap after GC invocations=64 (full 2):
 PSYoungGen      total 6144K, used 1024K [0x00000000eab00000, 0x00000000eb500000, 0x0000000100000000)
  eden space 5120K, 0% used [0x00000000eab00000,0x00000000eab00000,0x00000000eb000000)
  from space 1024K, 100% used [0x00000000eb200000,0x00000000eb300000,0x00000000eb300000)
  to   space 2048K, 0% used [0x00000000eb000000,0x00000000eb000000,0x00000000eb200000)
 ParOldGen       total 95744K, used 95472K [0x00000000c0000000, 0x00000000c5d80000, 0x00000000eab00000)
  object space 95744K, 99% used [0x00000000c0000000,0x00000000c5d3c070,0x00000000c5d80000)
 Metaspace       used 57941K, committed 59328K, reserved 1114112K
  class space    used 5989K, committed 6592K, reserved 1048576K
}
Event: 57.813 GC heap before
{Heap before GC invocations=65 (full 2):
 PSYoungGen      total 6144K, used 6144K [0x00000000eab00000, 0x00000000eb500000, 0x0000000100000000)
  eden space 5120K, 100% used [0x00000000eab00000,0x00000000eb000000,0x00000000eb000000)
  from space 1024K, 100% used [0x00000000eb200000,0x00000000eb300000,0x00000000eb300000)
  to   space 2048K, 0% used [0x00000000eb000000,0x00000000eb000000,0x00000000eb200000)
 ParOldGen       total 95744K, used 95472K [0x00000000c0000000, 0x00000000c5d80000, 0x00000000eab00000)
  object space 95744K, 99% used [0x00000000c0000000,0x00000000c5d3c070,0x00000000c5d80000)
 Metaspace       used 58323K, committed 59648K, reserved 1114112K
  class space    used 5992K, committed 6592K, reserved 1048576K
}
Event: 57.820 GC heap after
{Heap after GC invocations=65 (full 2):
 PSYoungGen      total 6656K, used 1155K [0x00000000eab00000, 0x00000000eb300000, 0x0000000100000000)
  eden space 5120K, 0% used [0x00000000eab00000,0x00000000eab00000,0x00000000eb000000)
  from space 1536K, 75% used [0x00000000eb000000,0x00000000eb120de8,0x00000000eb180000)
  to   space 1536K, 0% used [0x00000000eb180000,0x00000000eb180000,0x00000000eb300000)
 ParOldGen       total 96768K, used 96413K [0x00000000c0000000, 0x00000000c5e80000, 0x00000000eab00000)
  object space 96768K, 99% used [0x00000000c0000000,0x00000000c5e27400,0x00000000c5e80000)
 Metaspace       used 58323K, committed 59648K, reserved 1114112K
  class space    used 5992K, committed 6592K, reserved 1048576K
}
Event: 58.226 GC heap before
{Heap before GC invocations=66 (full 2):
 PSYoungGen      total 6656K, used 3828K [0x00000000eab00000, 0x00000000eb300000, 0x0000000100000000)
  eden space 5120K, 52% used [0x00000000eab00000,0x00000000ead9c4a8,0x00000000eb000000)
  from space 1536K, 75% used [0x00000000eb000000,0x00000000eb120de8,0x00000000eb180000)
  to   space 1536K, 0% used [0x00000000eb180000,0x00000000eb180000,0x00000000eb300000)
 ParOldGen       total 96768K, used 96413K [0x00000000c0000000, 0x00000000c5e80000, 0x00000000eab00000)
  object space 96768K, 99% used [0x00000000c0000000,0x00000000c5e27400,0x00000000c5e80000)
 Metaspace       used 58488K, committed 59776K, reserved 1114112K
  class space    used 5992K, committed 6592K, reserved 1048576K
}
Event: 58.230 GC heap after
{Heap after GC invocations=66 (full 2):
 PSYoungGen      total 6144K, used 781K [0x00000000eab00000, 0x00000000eb280000, 0x0000000100000000)
  eden space 5120K, 0% used [0x00000000eab00000,0x00000000eab00000,0x00000000eb000000)
  from space 1024K, 76% used [0x00000000eb180000,0x00000000eb2435c0,0x00000000eb280000)
  to   space 1024K, 0% used [0x00000000eb080000,0x00000000eb080000,0x00000000eb180000)
 ParOldGen       total 97280K, used 97115K [0x00000000c0000000, 0x00000000c5f00000, 0x00000000eab00000)
  object space 97280K, 99% used [0x00000000c0000000,0x00000000c5ed6ea8,0x00000000c5f00000)
 Metaspace       used 58488K, committed 59776K, reserved 1114112K
  class space    used 5992K, committed 6592K, reserved 1048576K
}
Event: 58.230 GC heap before
{Heap before GC invocations=67 (full 3):
 PSYoungGen      total 6144K, used 781K [0x00000000eab00000, 0x00000000eb280000, 0x0000000100000000)
  eden space 5120K, 0% used [0x00000000eab00000,0x00000000eab00000,0x00000000eb000000)
  from space 1024K, 76% used [0x00000000eb180000,0x00000000eb2435c0,0x00000000eb280000)
  to   space 1024K, 0% used [0x00000000eb080000,0x00000000eb080000,0x00000000eb180000)
 ParOldGen       total 97280K, used 97115K [0x00000000c0000000, 0x00000000c5f00000, 0x00000000eab00000)
  object space 97280K, 99% used [0x00000000c0000000,0x00000000c5ed6ea8,0x00000000c5f00000)
 Metaspace       used 58488K, committed 59776K, reserved 1114112K
  class space    used 5992K, committed 6592K, reserved 1048576K
}
Event: 58.383 GC heap after
{Heap after GC invocations=67 (full 3):
 PSYoungGen      total 6144K, used 0K [0x00000000eab00000, 0x00000000eb280000, 0x0000000100000000)
  eden space 5120K, 0% used [0x00000000eab00000,0x00000000eab00000,0x00000000eb000000)
  from space 1024K, 0% used [0x00000000eb180000,0x00000000eb180000,0x00000000eb280000)
  to   space 1024K, 0% used [0x00000000eb080000,0x00000000eb080000,0x00000000eb180000)
 ParOldGen       total 97280K, used 85739K [0x00000000c0000000, 0x00000000c5f00000, 0x00000000eab00000)
  object space 97280K, 88% used [0x00000000c0000000,0x00000000c53bad80,0x00000000c5f00000)
 Metaspace       used 58488K, committed 59776K, reserved 1114112K
  class space    used 5992K, committed 6592K, reserved 1048576K
}
Event: 59.224 GC heap before
{Heap before GC invocations=68 (full 3):
 PSYoungGen      total 6144K, used 5120K [0x00000000eab00000, 0x00000000eb280000, 0x0000000100000000)
  eden space 5120K, 100% used [0x00000000eab00000,0x00000000eb000000,0x00000000eb000000)
  from space 1024K, 0% used [0x00000000eb180000,0x00000000eb180000,0x00000000eb280000)
  to   space 1024K, 0% used [0x00000000eb080000,0x00000000eb080000,0x00000000eb180000)
 ParOldGen       total 97280K, used 85739K [0x00000000c0000000, 0x00000000c5f00000, 0x00000000eab00000)
  object space 97280K, 88% used [0x00000000c0000000,0x00000000c53bad80,0x00000000c5f00000)
 Metaspace       used 58743K, committed 60032K, reserved 1114112K
  class space    used 5995K, committed 6592K, reserved 1048576K
}
Event: 59.229 GC heap after
{Heap after GC invocations=68 (full 3):
 PSYoungGen      total 6144K, used 1017K [0x00000000eab00000, 0x00000000eb300000, 0x0000000100000000)
  eden space 5120K, 0% used [0x00000000eab00000,0x00000000eab00000,0x00000000eb000000)
  from space 1024K, 99% used [0x00000000eb080000,0x00000000eb17e7e8,0x00000000eb180000)
  to   space 1536K, 0% used [0x00000000eb180000,0x00000000eb180000,0x00000000eb300000)
 ParOldGen       total 97280K, used 86055K [0x00000000c0000000, 0x00000000c5f00000, 0x00000000eab00000)
  object space 97280K, 88% used [0x00000000c0000000,0x00000000c5409d50,0x00000000c5f00000)
 Metaspace       used 58743K, committed 60032K, reserved 1114112K
  class space    used 5995K, committed 6592K, reserved 1048576K
}

