# JRE version: OpenJDK Runtime Environment Temurin-21.0.6+7 (21.0.6+7) (build 21.0.6+7-LTS)
# Java VM: OpenJDK 64-Bit Server VM Temurin-21.0.6+7 (21.0.6+7-LTS, mixed mode, sharing, tiered, compressed oops, compressed class ptrs, parallel gc, windows-amd64)
GC Precious Log:
 CardTable entry size: 512
 CPUs: 8 total, 8 available
 Memory: 7886M
 Large Page Support: Disabled
 NUMA Support: Disabled
 Compressed Oops: Enabled (32-bit)
 Alignments: Space 512K, Generation 512K, Heap 2M
 Heap Min Capacity: 100M
 Heap Initial Capacity: 100M
 Heap Max Capacity: 1G
 Pre-touch: Disabled
 Parallel Workers: 8
Heap:
 PSYoungGen      total 7680K, used 6542K [0x00000000eab00000, 0x00000000eb800000, 0x0000000100000000)
  eden space 7168K, 84% used [0x00000000eab00000,0x00000000eb0e78e8,0x00000000eb200000)
  from space 512K, 96% used [0x00000000eb780000,0x00000000eb7fc010,0x00000000eb800000)
  to   space 1536K, 0% used [0x00000000eb500000,0x00000000eb500000,0x00000000eb680000)
 ParOldGen       total 550912K, used 550594K [0x00000000c0000000, 0x00000000e1a00000, 0x00000000eab00000)
  object space 550912K, 99% used [0x00000000c0000000,0x00000000e19b0b28,0x00000000e1a00000)
 Metaspace       used 87926K, committed 89728K, reserved 1179648K
  class space    used 8664K, committed 9472K, reserved 1048576K
GC Heap History (20 events):
Event: 629.005 GC heap before
{Heap before GC invocations=1914 (full 7):
 PSYoungGen      total 12800K, used 12707K [0x00000000eab00000, 0x00000000ec180000, 0x0000000100000000)
  eden space 7168K, 99% used [0x00000000eab00000,0x00000000eb1f1ce0,0x00000000eb200000)
  from space 5632K, 99% used [0x00000000ebc00000,0x00000000ec177000,0x00000000ec180000)
  to   space 7168K, 0% used [0x00000000eb380000,0x00000000eb380000,0x00000000eba80000)
 ParOldGen       total 497152K, used 497146K [0x00000000c0000000, 0x00000000de580000, 0x00000000eab00000)
  object space 497152K, 99% used [0x00000000c0000000,0x00000000de57eb00,0x00000000de580000)
 Metaspace       used 87895K, committed 89728K, reserved 1179648K
  class space    used 8664K, committed 9472K, reserved 1048576K
}
Event: 629.011 GC heap after
{Heap after GC invocations=1914 (full 7):
 PSYoungGen      total 13312K, used 5921K [0x00000000eab00000, 0x00000000ebe00000, 0x0000000100000000)
  eden space 7168K, 0% used [0x00000000eab00000,0x00000000eab00000,0x00000000eb200000)
  from space 6144K, 96% used [0x00000000eb380000,0x00000000eb9486e8,0x00000000eb980000)
  to   space 4608K, 0% used [0x00000000eb980000,0x00000000eb980000,0x00000000ebe00000)
 ParOldGen       total 501760K, used 501714K [0x00000000c0000000, 0x00000000dea00000, 0x00000000eab00000)
  object space 501760K, 99% used [0x00000000c0000000,0x00000000de9f4b00,0x00000000dea00000)
 Metaspace       used 87895K, committed 89728K, reserved 1179648K
  class space    used 8664K, committed 9472K, reserved 1048576K
}
Event: 629.064 GC heap before
{Heap before GC invocations=1915 (full 7):
 PSYoungGen      total 13312K, used 13089K [0x00000000eab00000, 0x00000000ebe00000, 0x0000000100000000)
  eden space 7168K, 100% used [0x00000000eab00000,0x00000000eb200000,0x00000000eb200000)
  from space 6144K, 96% used [0x00000000eb380000,0x00000000eb9486e8,0x00000000eb980000)
  to   space 4608K, 0% used [0x00000000eb980000,0x00000000eb980000,0x00000000ebe00000)
 ParOldGen       total 501760K, used 501714K [0x00000000c0000000, 0x00000000dea00000, 0x00000000eab00000)
  object space 501760K, 99% used [0x00000000c0000000,0x00000000de9f4b00,0x00000000dea00000)
 Metaspace       used 87896K, committed 89728K, reserved 1179648K
  class space    used 8664K, committed 9472K, reserved 1048576K
}
Event: 629.071 GC heap after
{Heap after GC invocations=1915 (full 7):
 PSYoungGen      total 10240K, used 2593K [0x00000000eab00000, 0x00000000ebc80000, 0x0000000100000000)
  eden space 7168K, 0% used [0x00000000eab00000,0x00000000eab00000,0x00000000eb200000)
  from space 3072K, 84% used [0x00000000eb980000,0x00000000ebc08598,0x00000000ebc80000)
  to   space 4096K, 0% used [0x00000000eb480000,0x00000000eb480000,0x00000000eb880000)
 ParOldGen       total 506880K, used 506608K [0x00000000c0000000, 0x00000000def00000, 0x00000000eab00000)
  object space 506880K, 99% used [0x00000000c0000000,0x00000000deebc3d0,0x00000000def00000)
 Metaspace       used 87896K, committed 89728K, reserved 1179648K
  class space    used 8664K, committed 9472K, reserved 1048576K
}
Event: 629.086 GC heap before
{Heap before GC invocations=1916 (full 7):
 PSYoungGen      total 10240K, used 9761K [0x00000000eab00000, 0x00000000ebc80000, 0x0000000100000000)
  eden space 7168K, 100% used [0x00000000eab00000,0x00000000eb200000,0x00000000eb200000)
  from space 3072K, 84% used [0x00000000eb980000,0x00000000ebc08598,0x00000000ebc80000)
  to   space 4096K, 0% used [0x00000000eb480000,0x00000000eb480000,0x00000000eb880000)
 ParOldGen       total 506880K, used 506608K [0x00000000c0000000, 0x00000000def00000, 0x00000000eab00000)
  object space 506880K, 99% used [0x00000000c0000000,0x00000000deebc3d0,0x00000000def00000)
 Metaspace       used 87901K, committed 89728K, reserved 1179648K
  class space    used 8664K, committed 9472K, reserved 1048576K
}
Event: 629.092 GC heap after
{Heap after GC invocations=1916 (full 7):
 PSYoungGen      total 11264K, used 4096K [0x00000000eab00000, 0x00000000ec100000, 0x0000000100000000)
  eden space 7168K, 0% used [0x00000000eab00000,0x00000000eab00000,0x00000000eb200000)
  from space 4096K, 100% used [0x00000000eb480000,0x00000000eb880000,0x00000000eb880000)
  to   space 7680K, 0% used [0x00000000eb980000,0x00000000eb980000,0x00000000ec100000)
 ParOldGen       total 509440K, used 509421K [0x00000000c0000000, 0x00000000df180000, 0x00000000eab00000)
  object space 509440K, 99% used [0x00000000c0000000,0x00000000df17b570,0x00000000df180000)
 Metaspace       used 87901K, committed 89728K, reserved 1179648K
  class space    used 8664K, committed 9472K, reserved 1048576K
}
Event: 629.140 GC heap before
{Heap before GC invocations=1917 (full 7):
 PSYoungGen      total 11264K, used 11264K [0x00000000eab00000, 0x00000000ec100000, 0x0000000100000000)
  eden space 7168K, 100% used [0x00000000eab00000,0x00000000eb200000,0x00000000eb200000)
  from space 4096K, 100% used [0x00000000eb480000,0x00000000eb880000,0x00000000eb880000)
  to   space 7680K, 0% used [0x00000000eb980000,0x00000000eb980000,0x00000000ec100000)
 ParOldGen       total 541184K, used 540141K [0x00000000c0000000, 0x00000000e1080000, 0x00000000eab00000)
  object space 541184K, 99% used [0x00000000c0000000,0x00000000e0f7b5a0,0x00000000e1080000)
 Metaspace       used 87904K, committed 89728K, reserved 1179648K
  class space    used 8664K, committed 9472K, reserved 1048576K
}
Event: 629.147 GC heap after
{Heap after GC invocations=1917 (full 7):
 PSYoungGen      total 11776K, used 4288K [0x00000000eab00000, 0x00000000ebe00000, 0x0000000100000000)
  eden space 7168K, 0% used [0x00000000eab00000,0x00000000eab00000,0x00000000eb200000)
  from space 4608K, 93% used [0x00000000eb980000,0x00000000ebdb0000,0x00000000ebe00000)
  to   space 5632K, 0% used [0x00000000eb300000,0x00000000eb300000,0x00000000eb880000)
 ParOldGen       total 544768K, used 544277K [0x00000000c0000000, 0x00000000e1400000, 0x00000000eab00000)
  object space 544768K, 99% used [0x00000000c0000000,0x00000000e13855a0,0x00000000e1400000)
 Metaspace       used 87904K, committed 89728K, reserved 1179648K
  class space    used 8664K, committed 9472K, reserved 1048576K
}
Event: 629.307 GC heap before
{Heap before GC invocations=1918 (full 7):
 PSYoungGen      total 11776K, used 11456K [0x00000000eab00000, 0x00000000ebe00000, 0x0000000100000000)
  eden space 7168K, 100% used [0x00000000eab00000,0x00000000eb200000,0x00000000eb200000)
  from space 4608K, 93% used [0x00000000eb980000,0x00000000ebdb0000,0x00000000ebe00000)
  to   space 5632K, 0% used [0x00000000eb300000,0x00000000eb300000,0x00000000eb880000)
 ParOldGen       total 544768K, used 544277K [0x00000000c0000000, 0x00000000e1400000, 0x00000000eab00000)
  object space 544768K, 99% used [0x00000000c0000000,0x00000000e13855a0,0x00000000e1400000)
 Metaspace       used 87906K, committed 89728K, reserved 1179648K
  class space    used 8664K, committed 9472K, reserved 1048576K
}
Event: 629.311 GC heap after
{Heap after GC invocations=1918 (full 7):
 PSYoungGen      total 7680K, used 480K [0x00000000eab00000, 0x00000000eba00000, 0x0000000100000000)
  eden space 7168K, 0% used [0x00000000eab00000,0x00000000eab00000,0x00000000eb200000)
  from space 512K, 93% used [0x00000000eb300000,0x00000000eb378000,0x00000000eb380000)
  to   space 2048K, 0% used [0x00000000eb800000,0x00000000eb800000,0x00000000eba00000)
 ParOldGen       total 548864K, used 548397K [0x00000000c0000000, 0x00000000e1800000, 0x00000000eab00000)
  object space 548864K, 99% used [0x00000000c0000000,0x00000000e178b5a0,0x00000000e1800000)
 Metaspace       used 87906K, committed 89728K, reserved 1179648K
  class space    used 8664K, committed 9472K, reserved 1048576K
}
Event: 629.355 GC heap before
{Heap before GC invocations=1919 (full 7):
 PSYoungGen      total 7680K, used 7648K [0x00000000eab00000, 0x00000000eba00000, 0x0000000100000000)
  eden space 7168K, 100% used [0x00000000eab00000,0x00000000eb200000,0x00000000eb200000)
  from space 512K, 93% used [0x00000000eb300000,0x00000000eb378000,0x00000000eb380000)
  to   space 2048K, 0% used [0x00000000eb800000,0x00000000eb800000,0x00000000eba00000)
 ParOldGen       total 548864K, used 548397K [0x00000000c0000000, 0x00000000e1800000, 0x00000000eab00000)
  object space 548864K, 99% used [0x00000000c0000000,0x00000000e178b5a0,0x00000000e1800000)
 Metaspace       used 87917K, committed 89728K, reserved 1179648K
  class space    used 8664K, committed 9472K, reserved 1048576K
}
Event: 629.356 GC heap after
{Heap after GC invocations=1919 (full 7):
 PSYoungGen      total 7680K, used 192K [0x00000000eab00000, 0x00000000eb880000, 0x0000000100000000)
  eden space 7168K, 0% used [0x00000000eab00000,0x00000000eab00000,0x00000000eb200000)
  from space 512K, 37% used [0x00000000eb800000,0x00000000eb830000,0x00000000eb880000)
  to   space 1024K, 0% used [0x00000000eb680000,0x00000000eb680000,0x00000000eb780000)
 ParOldGen       total 548864K, used 548785K [0x00000000c0000000, 0x00000000e1800000, 0x00000000eab00000)
  object space 548864K, 99% used [0x00000000c0000000,0x00000000e17ec598,0x00000000e1800000)
 Metaspace       used 87917K, committed 89728K, reserved 1179648K
  class space    used 8664K, committed 9472K, reserved 1048576K
}
Event: 629.406 GC heap before
{Heap before GC invocations=1920 (full 7):
 PSYoungGen      total 7680K, used 7360K [0x00000000eab00000, 0x00000000eb880000, 0x0000000100000000)
  eden space 7168K, 100% used [0x00000000eab00000,0x00000000eb200000,0x00000000eb200000)
  from space 512K, 37% used [0x00000000eb800000,0x00000000eb830000,0x00000000eb880000)
  to   space 1024K, 0% used [0x00000000eb680000,0x00000000eb680000,0x00000000eb780000)
 ParOldGen       total 548864K, used 548785K [0x00000000c0000000, 0x00000000e1800000, 0x00000000eab00000)
  object space 548864K, 99% used [0x00000000c0000000,0x00000000e17ec598,0x00000000e1800000)
 Metaspace       used 87922K, committed 89728K, reserved 1179648K
  class space    used 8664K, committed 9472K, reserved 1048576K
}
Event: 629.407 GC heap after
{Heap after GC invocations=1920 (full 7):
 PSYoungGen      total 8192K, used 650K [0x00000000eab00000, 0x00000000eb880000, 0x0000000100000000)
  eden space 7168K, 0% used [0x00000000eab00000,0x00000000eab00000,0x00000000eb200000)
  from space 1024K, 63% used [0x00000000eb680000,0x00000000eb722910,0x00000000eb780000)
  to   space 1024K, 0% used [0x00000000eb780000,0x00000000eb780000,0x00000000eb880000)
 ParOldGen       total 548864K, used 548841K [0x00000000c0000000, 0x00000000e1800000, 0x00000000eab00000)
  object space 548864K, 99% used [0x00000000c0000000,0x00000000e17fa598,0x00000000e1800000)
 Metaspace       used 87922K, committed 89728K, reserved 1179648K
  class space    used 8664K, committed 9472K, reserved 1048576K
}
Event: 629.577 GC heap before
{Heap before GC invocations=1921 (full 7):
 PSYoungGen      total 8192K, used 7818K [0x00000000eab00000, 0x00000000eb880000, 0x0000000100000000)
  eden space 7168K, 100% used [0x00000000eab00000,0x00000000eb200000,0x00000000eb200000)
  from space 1024K, 63% used [0x00000000eb680000,0x00000000eb722910,0x00000000eb780000)
  to   space 1024K, 0% used [0x00000000eb780000,0x00000000eb780000,0x00000000eb880000)
 ParOldGen       total 548864K, used 548841K [0x00000000c0000000, 0x00000000e1800000, 0x00000000eab00000)
  object space 548864K, 99% used [0x00000000c0000000,0x00000000e17fa598,0x00000000e1800000)
 Metaspace       used 87924K, committed 89728K, reserved 1179648K
  class space    used 8664K, committed 9472K, reserved 1048576K
}
Event: 629.580 GC heap after
{Heap after GC invocations=1921 (full 7):
 PSYoungGen      total 8192K, used 644K [0x00000000eab00000, 0x00000000eb880000, 0x0000000100000000)
  eden space 7168K, 0% used [0x00000000eab00000,0x00000000eab00000,0x00000000eb200000)
  from space 1024K, 62% used [0x00000000eb780000,0x00000000eb821210,0x00000000eb880000)
  to   space 1024K, 0% used [0x00000000eb680000,0x00000000eb680000,0x00000000eb780000)
 ParOldGen       total 549376K, used 549325K [0x00000000c0000000, 0x00000000e1880000, 0x00000000eab00000)
  object space 549376K, 99% used [0x00000000c0000000,0x00000000e18737c8,0x00000000e1880000)
 Metaspace       used 87924K, committed 89728K, reserved 1179648K
  class space    used 8664K, committed 9472K, reserved 1048576K
}
Event: 629.708 GC heap before
{Heap before GC invocations=1922 (full 7):
 PSYoungGen      total 8192K, used 7812K [0x00000000eab00000, 0x00000000eb880000, 0x0000000100000000)
  eden space 7168K, 100% used [0x00000000eab00000,0x00000000eb200000,0x00000000eb200000)
  from space 1024K, 62% used [0x00000000eb780000,0x00000000eb821210,0x00000000eb880000)
  to   space 1024K, 0% used [0x00000000eb680000,0x00000000eb680000,0x00000000eb780000)
 ParOldGen       total 549376K, used 549325K [0x00000000c0000000, 0x00000000e1880000, 0x00000000eab00000)
  object space 549376K, 99% used [0x00000000c0000000,0x00000000e18737c8,0x00000000e1880000)
 Metaspace       used 87926K, committed 89728K, reserved 1179648K
  class space    used 8664K, committed 9472K, reserved 1048576K
}
Event: 629.710 GC heap after
{Heap after GC invocations=1922 (full 7):
 PSYoungGen      total 8192K, used 852K [0x00000000eab00000, 0x00000000eb800000, 0x0000000100000000)
  eden space 7168K, 0% used [0x00000000eab00000,0x00000000eab00000,0x00000000eb200000)
  from space 1024K, 83% used [0x00000000eb680000,0x00000000eb755200,0x00000000eb780000)
  to   space 512K, 0% used [0x00000000eb780000,0x00000000eb780000,0x00000000eb800000)
 ParOldGen       total 549888K, used 549785K [0x00000000c0000000, 0x00000000e1900000, 0x00000000eab00000)
  object space 549888K, 99% used [0x00000000c0000000,0x00000000e18e65c0,0x00000000e1900000)
 Metaspace       used 87926K, committed 89728K, reserved 1179648K
  class space    used 8664K, committed 9472K, reserved 1048576K
}
Event: 629.815 GC heap before
{Heap before GC invocations=1923 (full 7):
 PSYoungGen      total 8192K, used 8020K [0x00000000eab00000, 0x00000000eb800000, 0x0000000100000000)
  eden space 7168K, 100% used [0x00000000eab00000,0x00000000eb200000,0x00000000eb200000)
  from space 1024K, 83% used [0x00000000eb680000,0x00000000eb755200,0x00000000eb780000)
  to   space 512K, 0% used [0x00000000eb780000,0x00000000eb780000,0x00000000eb800000)
 ParOldGen       total 549888K, used 549785K [0x00000000c0000000, 0x00000000e1900000, 0x00000000eab00000)
  object space 549888K, 99% used [0x00000000c0000000,0x00000000e18e65c0,0x00000000e1900000)
 Metaspace       used 87926K, committed 89728K, reserved 1179648K
  class space    used 8664K, committed 9472K, reserved 1048576K
}
Event: 629.817 GC heap after
{Heap after GC invocations=1923 (full 7):
 PSYoungGen      total 7680K, used 496K [0x00000000eab00000, 0x00000000eb800000, 0x0000000100000000)
  eden space 7168K, 0% used [0x00000000eab00000,0x00000000eab00000,0x00000000eb200000)
  from space 512K, 96% used [0x00000000eb780000,0x00000000eb7fc010,0x00000000eb800000)
  to   space 1536K, 0% used [0x00000000eb500000,0x00000000eb500000,0x00000000eb680000)
 ParOldGen       total 550912K, used 550594K [0x00000000c0000000, 0x00000000e1a00000, 0x00000000eab00000)
  object space 550912K, 99% used [0x00000000c0000000,0x00000000e19b0b28,0x00000000e1a00000)
 Metaspace       used 87926K, committed 89728K, reserved 1179648K
  class space    used 8664K, committed 9472K, reserved 1048576K
}

