# JRE version: OpenJDK Runtime Environment Temurin-21.0.7+6 (21.0.7+6) (build 21.0.7+6-LTS)
# Java VM: OpenJDK 64-Bit Server VM Temurin-21.0.7+6 (21.0.7+6-LTS, mixed mode, sharing, tiered, compressed oops, compressed class ptrs, parallel gc, windows-amd64)
GC Precious Log:
 CardTable entry size: 512
 CPUs: 8 total, 8 available
 Memory: 7886M
 Large Page Support: Disabled
 NUMA Support: Disabled
 Compressed Oops: Enabled (32-bit)
 Alignments: Space 512K, Generation 512K, Heap 2M
 Heap Min Capacity: 100M
 Heap Initial Capacity: 100M
 Heap Max Capacity: 1G
 Pre-touch: Disabled
 Parallel Workers: 8
Heap:
 PSYoungGen      total 12800K, used 12264K [0x00000000eab00000, 0x00000000ebc00000, 0x0000000100000000)
  eden space 9216K, 99% used [0x00000000eab00000,0x00000000eb3fcb60,0x00000000eb400000)
  from space 3584K, 85% used [0x00000000eb780000,0x00000000eba7d660,0x00000000ebb00000)
  to   space 3584K, 71% used [0x00000000eb400000,0x00000000eb682860,0x00000000eb780000)
 ParOldGen       total 291328K, used 291320K [0x00000000c0000000, 0x00000000d1c80000, 0x00000000eab00000)
  object space 291328K, 99% used [0x00000000c0000000,0x00000000d1c7e2d8,0x00000000d1c80000)
 Metaspace       used 65161K, committed 66816K, reserved 1114112K
  class space    used 6717K, committed 7488K, reserved 1048576K
GC Heap History (20 events):
Event: 36.691 GC heap after
{Heap after GC invocations=346 (full 4):
 PSYoungGen      total 5120K, used 2025K [0x00000000eab00000, 0x00000000eb980000, 0x0000000100000000)
  eden space 3072K, 0% used [0x00000000eab00000,0x00000000eab00000,0x00000000eae00000)
  from space 2048K, 98% used [0x00000000eb280000,0x00000000eb47a400,0x00000000eb480000)
  to   space 4608K, 0% used [0x00000000eae00000,0x00000000eae00000,0x00000000eb280000)
 ParOldGen       total 275456K, used 275394K [0x00000000c0000000, 0x00000000d0d00000, 0x00000000eab00000)
  object space 275456K, 99% used [0x00000000c0000000,0x00000000d0cf09e8,0x00000000d0d00000)
 Metaspace       used 65149K, committed 66752K, reserved 1114112K
  class space    used 6717K, committed 7488K, reserved 1048576K
}
Event: 36.700 GC heap before
{Heap before GC invocations=347 (full 4):
 PSYoungGen      total 5120K, used 5084K [0x00000000eab00000, 0x00000000eb980000, 0x0000000100000000)
  eden space 3072K, 99% used [0x00000000eab00000,0x00000000eadfce40,0x00000000eae00000)
  from space 2048K, 98% used [0x00000000eb280000,0x00000000eb47a400,0x00000000eb480000)
  to   space 4608K, 0% used [0x00000000eae00000,0x00000000eae00000,0x00000000eb280000)
 ParOldGen       total 275456K, used 275394K [0x00000000c0000000, 0x00000000d0d00000, 0x00000000eab00000)
  object space 275456K, 99% used [0x00000000c0000000,0x00000000d0cf09e8,0x00000000d0d00000)
 Metaspace       used 65149K, committed 66752K, reserved 1114112K
  class space    used 6717K, committed 7488K, reserved 1048576K
}
Event: 36.703 GC heap after
{Heap after GC invocations=347 (full 4):
 PSYoungGen      total 4608K, used 1260K [0x00000000eab00000, 0x00000000eb400000, 0x0000000100000000)
  eden space 3072K, 0% used [0x00000000eab00000,0x00000000eab00000,0x00000000eae00000)
  from space 1536K, 82% used [0x00000000eae00000,0x00000000eaf3b3d0,0x00000000eaf80000)
  to   space 2560K, 0% used [0x00000000eb180000,0x00000000eb180000,0x00000000eb400000)
 ParOldGen       total 277504K, used 277315K [0x00000000c0000000, 0x00000000d0f00000, 0x00000000eab00000)
  object space 277504K, 99% used [0x00000000c0000000,0x00000000d0ed0c58,0x00000000d0f00000)
 Metaspace       used 65149K, committed 66752K, reserved 1114112K
  class space    used 6717K, committed 7488K, reserved 1048576K
}
Event: 36.711 GC heap before
{Heap before GC invocations=348 (full 4):
 PSYoungGen      total 4608K, used 4300K [0x00000000eab00000, 0x00000000eb400000, 0x0000000100000000)
  eden space 3072K, 98% used [0x00000000eab00000,0x00000000eadf7ef8,0x00000000eae00000)
  from space 1536K, 82% used [0x00000000eae00000,0x00000000eaf3b3d0,0x00000000eaf80000)
  to   space 2560K, 0% used [0x00000000eb180000,0x00000000eb180000,0x00000000eb400000)
 ParOldGen       total 277504K, used 277315K [0x00000000c0000000, 0x00000000d0f00000, 0x00000000eab00000)
  object space 277504K, 99% used [0x00000000c0000000,0x00000000d0ed0c58,0x00000000d0f00000)
 Metaspace       used 65149K, committed 66752K, reserved 1114112K
  class space    used 6717K, committed 7488K, reserved 1048576K
}
Event: 36.714 GC heap after
{Heap after GC invocations=348 (full 4):
 PSYoungGen      total 5632K, used 1283K [0x00000000eab00000, 0x00000000eb300000, 0x0000000100000000)
  eden space 4096K, 0% used [0x00000000eab00000,0x00000000eab00000,0x00000000eaf00000)
  from space 1536K, 83% used [0x00000000eb180000,0x00000000eb2c0f08,0x00000000eb300000)
  to   space 1536K, 0% used [0x00000000eb000000,0x00000000eb000000,0x00000000eb180000)
 ParOldGen       total 278528K, used 278441K [0x00000000c0000000, 0x00000000d1000000, 0x00000000eab00000)
  object space 278528K, 99% used [0x00000000c0000000,0x00000000d0fea728,0x00000000d1000000)
 Metaspace       used 65149K, committed 66752K, reserved 1114112K
  class space    used 6717K, committed 7488K, reserved 1048576K
}
Event: 36.724 GC heap before
{Heap before GC invocations=349 (full 4):
 PSYoungGen      total 5632K, used 5360K [0x00000000eab00000, 0x00000000eb300000, 0x0000000100000000)
  eden space 4096K, 99% used [0x00000000eab00000,0x00000000eaefb480,0x00000000eaf00000)
  from space 1536K, 83% used [0x00000000eb180000,0x00000000eb2c0f08,0x00000000eb300000)
  to   space 1536K, 0% used [0x00000000eb000000,0x00000000eb000000,0x00000000eb180000)
 ParOldGen       total 278528K, used 278441K [0x00000000c0000000, 0x00000000d1000000, 0x00000000eab00000)
  object space 278528K, 99% used [0x00000000c0000000,0x00000000d0fea728,0x00000000d1000000)
 Metaspace       used 65149K, committed 66752K, reserved 1114112K
  class space    used 6717K, committed 7488K, reserved 1048576K
}
Event: 36.726 GC heap after
{Heap after GC invocations=349 (full 4):
 PSYoungGen      total 6656K, used 1512K [0x00000000eab00000, 0x00000000eb700000, 0x0000000100000000)
  eden space 5120K, 0% used [0x00000000eab00000,0x00000000eab00000,0x00000000eb000000)
  from space 1536K, 98% used [0x00000000eb000000,0x00000000eb17a100,0x00000000eb180000)
  to   space 3584K, 0% used [0x00000000eb380000,0x00000000eb380000,0x00000000eb700000)
 ParOldGen       total 280064K, used 279760K [0x00000000c0000000, 0x00000000d1180000, 0x00000000eab00000)
  object space 280064K, 99% used [0x00000000c0000000,0x00000000d1134270,0x00000000d1180000)
 Metaspace       used 65149K, committed 66752K, reserved 1114112K
  class space    used 6717K, committed 7488K, reserved 1048576K
}
Event: 36.741 GC heap before
{Heap before GC invocations=350 (full 4):
 PSYoungGen      total 6656K, used 6632K [0x00000000eab00000, 0x00000000eb700000, 0x0000000100000000)
  eden space 5120K, 100% used [0x00000000eab00000,0x00000000eb000000,0x00000000eb000000)
  from space 1536K, 98% used [0x00000000eb000000,0x00000000eb17a100,0x00000000eb180000)
  to   space 3584K, 0% used [0x00000000eb380000,0x00000000eb380000,0x00000000eb700000)
 ParOldGen       total 280064K, used 279760K [0x00000000c0000000, 0x00000000d1180000, 0x00000000eab00000)
  object space 280064K, 99% used [0x00000000c0000000,0x00000000d1134270,0x00000000d1180000)
 Metaspace       used 65149K, committed 66752K, reserved 1114112K
  class space    used 6717K, committed 7488K, reserved 1048576K
}
Event: 36.745 GC heap after
{Heap after GC invocations=350 (full 4):
 PSYoungGen      total 8704K, used 2084K [0x00000000eab00000, 0x00000000eb600000, 0x0000000100000000)
  eden space 6144K, 0% used [0x00000000eab00000,0x00000000eab00000,0x00000000eb100000)
  from space 2560K, 81% used [0x00000000eb380000,0x00000000eb5890e0,0x00000000eb600000)
  to   space 2560K, 0% used [0x00000000eb100000,0x00000000eb100000,0x00000000eb380000)
 ParOldGen       total 281600K, used 281121K [0x00000000c0000000, 0x00000000d1300000, 0x00000000eab00000)
  object space 281600K, 99% used [0x00000000c0000000,0x00000000d1288448,0x00000000d1300000)
 Metaspace       used 65149K, committed 66752K, reserved 1114112K
  class space    used 6717K, committed 7488K, reserved 1048576K
}
Event: 36.758 GC heap before
{Heap before GC invocations=351 (full 4):
 PSYoungGen      total 8704K, used 8176K [0x00000000eab00000, 0x00000000eb600000, 0x0000000100000000)
  eden space 6144K, 99% used [0x00000000eab00000,0x00000000eb0f2f88,0x00000000eb100000)
  from space 2560K, 81% used [0x00000000eb380000,0x00000000eb5890e0,0x00000000eb600000)
  to   space 2560K, 0% used [0x00000000eb100000,0x00000000eb100000,0x00000000eb380000)
 ParOldGen       total 281600K, used 281121K [0x00000000c0000000, 0x00000000d1300000, 0x00000000eab00000)
  object space 281600K, 99% used [0x00000000c0000000,0x00000000d1288448,0x00000000d1300000)
 Metaspace       used 65149K, committed 66752K, reserved 1114112K
  class space    used 6717K, committed 7488K, reserved 1048576K
}
Event: 36.761 GC heap after
{Heap after GC invocations=351 (full 4):
 PSYoungGen      total 8704K, used 2539K [0x00000000eab00000, 0x00000000ebc80000, 0x0000000100000000)
  eden space 6144K, 0% used [0x00000000eab00000,0x00000000eab00000,0x00000000eb100000)
  from space 2560K, 99% used [0x00000000eb100000,0x00000000eb37ade0,0x00000000eb380000)
  to   space 5120K, 0% used [0x00000000eb780000,0x00000000eb780000,0x00000000ebc80000)
 ParOldGen       total 283136K, used 283028K [0x00000000c0000000, 0x00000000d1480000, 0x00000000eab00000)
  object space 283136K, 99% used [0x00000000c0000000,0x00000000d1465008,0x00000000d1480000)
 Metaspace       used 65149K, committed 66752K, reserved 1114112K
  class space    used 6717K, committed 7488K, reserved 1048576K
}
Event: 36.777 GC heap before
{Heap before GC invocations=352 (full 4):
 PSYoungGen      total 8704K, used 8683K [0x00000000eab00000, 0x00000000ebc80000, 0x0000000100000000)
  eden space 6144K, 100% used [0x00000000eab00000,0x00000000eb100000,0x00000000eb100000)
  from space 2560K, 99% used [0x00000000eb100000,0x00000000eb37ade0,0x00000000eb380000)
  to   space 5120K, 0% used [0x00000000eb780000,0x00000000eb780000,0x00000000ebc80000)
 ParOldGen       total 283136K, used 283028K [0x00000000c0000000, 0x00000000d1480000, 0x00000000eab00000)
  object space 283136K, 99% used [0x00000000c0000000,0x00000000d1465008,0x00000000d1480000)
 Metaspace       used 65149K, committed 66752K, reserved 1114112K
  class space    used 6717K, committed 7488K, reserved 1048576K
}
Event: 36.782 GC heap after
{Heap after GC invocations=352 (full 4):
 PSYoungGen      total 10240K, used 2483K [0x00000000eab00000, 0x00000000eba00000, 0x0000000100000000)
  eden space 7680K, 0% used [0x00000000eab00000,0x00000000eab00000,0x00000000eb280000)
  from space 2560K, 97% used [0x00000000eb780000,0x00000000eb9eceb8,0x00000000eba00000)
  to   space 3584K, 0% used [0x00000000eb300000,0x00000000eb300000,0x00000000eb680000)
 ParOldGen       total 285696K, used 285435K [0x00000000c0000000, 0x00000000d1700000, 0x00000000eab00000)
  object space 285696K, 99% used [0x00000000c0000000,0x00000000d16bee88,0x00000000d1700000)
 Metaspace       used 65149K, committed 66752K, reserved 1114112K
  class space    used 6717K, committed 7488K, reserved 1048576K
}
Event: 36.792 GC heap before
{Heap before GC invocations=353 (full 4):
 PSYoungGen      total 10240K, used 10111K [0x00000000eab00000, 0x00000000eba00000, 0x0000000100000000)
  eden space 7680K, 99% used [0x00000000eab00000,0x00000000eb273008,0x00000000eb280000)
  from space 2560K, 97% used [0x00000000eb780000,0x00000000eb9eceb8,0x00000000eba00000)
  to   space 3584K, 0% used [0x00000000eb300000,0x00000000eb300000,0x00000000eb680000)
 ParOldGen       total 285696K, used 285435K [0x00000000c0000000, 0x00000000d1700000, 0x00000000eab00000)
  object space 285696K, 99% used [0x00000000c0000000,0x00000000d16bee88,0x00000000d1700000)
 Metaspace       used 65149K, committed 66752K, reserved 1114112K
  class space    used 6717K, committed 7488K, reserved 1048576K
}
Event: 36.797 GC heap after
{Heap after GC invocations=353 (full 4):
 PSYoungGen      total 11776K, used 3259K [0x00000000eab00000, 0x00000000ebb00000, 0x0000000100000000)
  eden space 8192K, 0% used [0x00000000eab00000,0x00000000eab00000,0x00000000eb300000)
  from space 3584K, 90% used [0x00000000eb300000,0x00000000eb62edd0,0x00000000eb680000)
  to   space 3584K, 0% used [0x00000000eb780000,0x00000000eb780000,0x00000000ebb00000)
 ParOldGen       total 288256K, used 287858K [0x00000000c0000000, 0x00000000d1980000, 0x00000000eab00000)
  object space 288256K, 99% used [0x00000000c0000000,0x00000000d191ca50,0x00000000d1980000)
 Metaspace       used 65149K, committed 66752K, reserved 1114112K
  class space    used 6717K, committed 7488K, reserved 1048576K
}
Event: 36.825 GC heap before
{Heap before GC invocations=354 (full 4):
 PSYoungGen      total 11776K, used 11451K [0x00000000eab00000, 0x00000000ebb00000, 0x0000000100000000)
  eden space 8192K, 100% used [0x00000000eab00000,0x00000000eb300000,0x00000000eb300000)
  from space 3584K, 90% used [0x00000000eb300000,0x00000000eb62edd0,0x00000000eb680000)
  to   space 3584K, 0% used [0x00000000eb780000,0x00000000eb780000,0x00000000ebb00000)
 ParOldGen       total 288256K, used 287858K [0x00000000c0000000, 0x00000000d1980000, 0x00000000eab00000)
  object space 288256K, 99% used [0x00000000c0000000,0x00000000d191ca50,0x00000000d1980000)
 Metaspace       used 65149K, committed 66752K, reserved 1114112K
  class space    used 6717K, committed 7488K, reserved 1048576K
}
Event: 36.829 GC heap after
{Heap after GC invocations=354 (full 4):
 PSYoungGen      total 12800K, used 3061K [0x00000000eab00000, 0x00000000ebc00000, 0x0000000100000000)
  eden space 9216K, 0% used [0x00000000eab00000,0x00000000eab00000,0x00000000eb400000)
  from space 3584K, 85% used [0x00000000eb780000,0x00000000eba7d660,0x00000000ebb00000)
  to   space 3584K, 0% used [0x00000000eb400000,0x00000000eb400000,0x00000000eb780000)
 ParOldGen       total 291328K, used 290997K [0x00000000c0000000, 0x00000000d1c80000, 0x00000000eab00000)
  object space 291328K, 99% used [0x00000000c0000000,0x00000000d1c2d4e8,0x00000000d1c80000)
 Metaspace       used 65149K, committed 66752K, reserved 1114112K
  class space    used 6717K, committed 7488K, reserved 1048576K
}
Event: 37.110 GC heap before
{Heap before GC invocations=355 (full 4):
 PSYoungGen      total 12800K, used 12264K [0x00000000eab00000, 0x00000000ebc00000, 0x0000000100000000)
  eden space 9216K, 99% used [0x00000000eab00000,0x00000000eb3fcb60,0x00000000eb400000)
  from space 3584K, 85% used [0x00000000eb780000,0x00000000eba7d660,0x00000000ebb00000)
  to   space 3584K, 0% used [0x00000000eb400000,0x00000000eb400000,0x00000000eb780000)
 ParOldGen       total 291328K, used 290997K [0x00000000c0000000, 0x00000000d1c80000, 0x00000000eab00000)
  object space 291328K, 99% used [0x00000000c0000000,0x00000000d1c2d4e8,0x00000000d1c80000)
 Metaspace       used 65161K, committed 66816K, reserved 1114112K
  class space    used 6717K, committed 7488K, reserved 1048576K
}
Event: 37.121 GC heap after
{Heap after GC invocations=355 (full 4):
 PSYoungGen      total 12800K, used 12264K [0x00000000eab00000, 0x00000000ebc00000, 0x0000000100000000)
  eden space 9216K, 99% used [0x00000000eab00000,0x00000000eb3fcb60,0x00000000eb400000)
  from space 3584K, 85% used [0x00000000eb780000,0x00000000eba7d660,0x00000000ebb00000)
  to   space 3584K, 71% used [0x00000000eb400000,0x00000000eb682860,0x00000000eb780000)
 ParOldGen       total 291328K, used 291320K [0x00000000c0000000, 0x00000000d1c80000, 0x00000000eab00000)
  object space 291328K, 99% used [0x00000000c0000000,0x00000000d1c7e2d8,0x00000000d1c80000)
 Metaspace       used 65161K, committed 66816K, reserved 1114112K
  class space    used 6717K, committed 7488K, reserved 1048576K
}
Event: 37.121 GC heap before
{Heap before GC invocations=356 (full 5):
 PSYoungGen      total 12800K, used 12264K [0x00000000eab00000, 0x00000000ebc00000, 0x0000000100000000)
  eden space 9216K, 99% used [0x00000000eab00000,0x00000000eb3fcb60,0x00000000eb400000)
  from space 3584K, 85% used [0x00000000eb780000,0x00000000eba7d660,0x00000000ebb00000)
  to   space 3584K, 71% used [0x00000000eb400000,0x00000000eb682860,0x00000000eb780000)
 ParOldGen       total 291328K, used 291320K [0x00000000c0000000, 0x00000000d1c80000, 0x00000000eab00000)
  object space 291328K, 99% used [0x00000000c0000000,0x00000000d1c7e2d8,0x00000000d1c80000)
 Metaspace       used 65161K, committed 66816K, reserved 1114112K
  class space    used 6717K, committed 7488K, reserved 1048576K
}

