# JRE version: OpenJDK Runtime Environment Temurin-21.0.7+6 (21.0.7+6) (build 21.0.7+6-LTS)
# Java VM: OpenJDK 64-Bit Server VM Temurin-21.0.7+6 (21.0.7+6-LTS, mixed mode, sharing, tiered, compressed oops, compressed class ptrs, parallel gc, windows-amd64)
GC Precious Log:
 CardTable entry size: 512
 CPUs: 8 total, 8 available
 Memory: 7886M
 Large Page Support: Disabled
 NUMA Support: Disabled
 Compressed Oops: Enabled (32-bit)
 Alignments: Space 512K, Generation 512K, Heap 2M
 Heap Min Capacity: 100M
 Heap Initial Capacity: 100M
 Heap Max Capacity: 1G
 Pre-touch: Disabled
 Parallel Workers: 8
Heap:
 PSYoungGen      total 8704K, used 5694K [0x00000000eab00000, 0x00000000eb480000, 0x0000000100000000)
  eden space 8192K, 69% used [0x00000000eab00000,0x00000000eb08fb38,0x00000000eb300000)
  from space 512K, 0% used [0x00000000eb400000,0x00000000eb400000,0x00000000eb480000)
  to   space 512K, 0% used [0x00000000eb380000,0x00000000eb380000,0x00000000eb400000)
 ParOldGen       total 115200K, used 95049K [0x00000000c0000000, 0x00000000c7080000, 0x00000000eab00000)
  object space 115200K, 82% used [0x00000000c0000000,0x00000000c5cd2698,0x00000000c7080000)
 Metaspace       used 64481K, committed 66048K, reserved 1114112K
  class space    used 6620K, committed 7296K, reserved 1048576K
GC Heap History (20 events):
Event: 58.865 GC heap before
{Heap before GC invocations=127 (full 3):
 PSYoungGen      total 9216K, used 8704K [0x00000000eab00000, 0x00000000eb500000, 0x0000000100000000)
  eden space 8192K, 100% used [0x00000000eab00000,0x00000000eb300000,0x00000000eb300000)
  from space 1024K, 50% used [0x00000000eb300000,0x00000000eb380000,0x00000000eb400000)
  to   space 1024K, 0% used [0x00000000eb400000,0x00000000eb400000,0x00000000eb500000)
 ParOldGen       total 112128K, used 112058K [0x00000000c0000000, 0x00000000c6d80000, 0x00000000eab00000)
  object space 112128K, 99% used [0x00000000c0000000,0x00000000c6d6ebe8,0x00000000c6d80000)
 Metaspace       used 64472K, committed 66048K, reserved 1114112K
  class space    used 6620K, committed 7296K, reserved 1048576K
}
Event: 58.868 GC heap after
{Heap after GC invocations=127 (full 3):
 PSYoungGen      total 8704K, used 288K [0x00000000eab00000, 0x00000000eb480000, 0x0000000100000000)
  eden space 8192K, 0% used [0x00000000eab00000,0x00000000eab00000,0x00000000eb300000)
  from space 512K, 56% used [0x00000000eb400000,0x00000000eb448000,0x00000000eb480000)
  to   space 512K, 0% used [0x00000000eb380000,0x00000000eb380000,0x00000000eb400000)
 ParOldGen       total 112640K, used 112447K [0x00000000c0000000, 0x00000000c6e00000, 0x00000000eab00000)
  object space 112640K, 99% used [0x00000000c0000000,0x00000000c6dcff50,0x00000000c6e00000)
 Metaspace       used 64472K, committed 66048K, reserved 1114112K
  class space    used 6620K, committed 7296K, reserved 1048576K
}
Event: 59.105 GC heap before
{Heap before GC invocations=128 (full 3):
 PSYoungGen      total 8704K, used 8480K [0x00000000eab00000, 0x00000000eb480000, 0x0000000100000000)
  eden space 8192K, 100% used [0x00000000eab00000,0x00000000eb300000,0x00000000eb300000)
  from space 512K, 56% used [0x00000000eb400000,0x00000000eb448000,0x00000000eb480000)
  to   space 512K, 0% used [0x00000000eb380000,0x00000000eb380000,0x00000000eb400000)
 ParOldGen       total 112640K, used 112447K [0x00000000c0000000, 0x00000000c6e00000, 0x00000000eab00000)
  object space 112640K, 99% used [0x00000000c0000000,0x00000000c6dcff50,0x00000000c6e00000)
 Metaspace       used 64478K, committed 66048K, reserved 1114112K
  class space    used 6620K, committed 7296K, reserved 1048576K
}
Event: 59.107 GC heap after
{Heap after GC invocations=128 (full 3):
 PSYoungGen      total 8704K, used 384K [0x00000000eab00000, 0x00000000eb480000, 0x0000000100000000)
  eden space 8192K, 0% used [0x00000000eab00000,0x00000000eab00000,0x00000000eb300000)
  from space 512K, 75% used [0x00000000eb380000,0x00000000eb3e0000,0x00000000eb400000)
  to   space 512K, 0% used [0x00000000eb400000,0x00000000eb400000,0x00000000eb480000)
 ParOldGen       total 112640K, used 112639K [0x00000000c0000000, 0x00000000c6e00000, 0x00000000eab00000)
  object space 112640K, 99% used [0x00000000c0000000,0x00000000c6dfff50,0x00000000c6e00000)
 Metaspace       used 64478K, committed 66048K, reserved 1114112K
  class space    used 6620K, committed 7296K, reserved 1048576K
}
Event: 59.214 GC heap before
{Heap before GC invocations=129 (full 3):
 PSYoungGen      total 8704K, used 8576K [0x00000000eab00000, 0x00000000eb480000, 0x0000000100000000)
  eden space 8192K, 100% used [0x00000000eab00000,0x00000000eb300000,0x00000000eb300000)
  from space 512K, 75% used [0x00000000eb380000,0x00000000eb3e0000,0x00000000eb400000)
  to   space 512K, 0% used [0x00000000eb400000,0x00000000eb400000,0x00000000eb480000)
 ParOldGen       total 112640K, used 112639K [0x00000000c0000000, 0x00000000c6e00000, 0x00000000eab00000)
  object space 112640K, 99% used [0x00000000c0000000,0x00000000c6dfff50,0x00000000c6e00000)
 Metaspace       used 64479K, committed 66048K, reserved 1114112K
  class space    used 6620K, committed 7296K, reserved 1048576K
}
Event: 59.219 GC heap after
{Heap after GC invocations=129 (full 3):
 PSYoungGen      total 8704K, used 352K [0x00000000eab00000, 0x00000000eb480000, 0x0000000100000000)
  eden space 8192K, 0% used [0x00000000eab00000,0x00000000eab00000,0x00000000eb300000)
  from space 512K, 68% used [0x00000000eb400000,0x00000000eb458000,0x00000000eb480000)
  to   space 512K, 0% used [0x00000000eb380000,0x00000000eb380000,0x00000000eb400000)
 ParOldGen       total 113152K, used 112839K [0x00000000c0000000, 0x00000000c6e80000, 0x00000000eab00000)
  object space 113152K, 99% used [0x00000000c0000000,0x00000000c6e31f50,0x00000000c6e80000)
 Metaspace       used 64479K, committed 66048K, reserved 1114112K
  class space    used 6620K, committed 7296K, reserved 1048576K
}
Event: 59.518 GC heap before
{Heap before GC invocations=130 (full 3):
 PSYoungGen      total 8704K, used 8544K [0x00000000eab00000, 0x00000000eb480000, 0x0000000100000000)
  eden space 8192K, 100% used [0x00000000eab00000,0x00000000eb300000,0x00000000eb300000)
  from space 512K, 68% used [0x00000000eb400000,0x00000000eb458000,0x00000000eb480000)
  to   space 512K, 0% used [0x00000000eb380000,0x00000000eb380000,0x00000000eb400000)
 ParOldGen       total 113152K, used 112839K [0x00000000c0000000, 0x00000000c6e80000, 0x00000000eab00000)
  object space 113152K, 99% used [0x00000000c0000000,0x00000000c6e31f50,0x00000000c6e80000)
 Metaspace       used 64479K, committed 66048K, reserved 1114112K
  class space    used 6620K, committed 7296K, reserved 1048576K
}
Event: 59.521 GC heap after
{Heap after GC invocations=130 (full 3):
 PSYoungGen      total 8704K, used 384K [0x00000000eab00000, 0x00000000eb480000, 0x0000000100000000)
  eden space 8192K, 0% used [0x00000000eab00000,0x00000000eab00000,0x00000000eb300000)
  from space 512K, 75% used [0x00000000eb380000,0x00000000eb3e0000,0x00000000eb400000)
  to   space 512K, 0% used [0x00000000eb400000,0x00000000eb400000,0x00000000eb480000)
 ParOldGen       total 113152K, used 113095K [0x00000000c0000000, 0x00000000c6e80000, 0x00000000eab00000)
  object space 113152K, 99% used [0x00000000c0000000,0x00000000c6e71f50,0x00000000c6e80000)
 Metaspace       used 64479K, committed 66048K, reserved 1114112K
  class space    used 6620K, committed 7296K, reserved 1048576K
}
Event: 59.539 GC heap before
{Heap before GC invocations=131 (full 3):
 PSYoungGen      total 8704K, used 8576K [0x00000000eab00000, 0x00000000eb480000, 0x0000000100000000)
  eden space 8192K, 100% used [0x00000000eab00000,0x00000000eb300000,0x00000000eb300000)
  from space 512K, 75% used [0x00000000eb380000,0x00000000eb3e0000,0x00000000eb400000)
  to   space 512K, 0% used [0x00000000eb400000,0x00000000eb400000,0x00000000eb480000)
 ParOldGen       total 113152K, used 113095K [0x00000000c0000000, 0x00000000c6e80000, 0x00000000eab00000)
  object space 113152K, 99% used [0x00000000c0000000,0x00000000c6e71f50,0x00000000c6e80000)
 Metaspace       used 64479K, committed 66048K, reserved 1114112K
  class space    used 6620K, committed 7296K, reserved 1048576K
}
Event: 59.542 GC heap after
{Heap after GC invocations=131 (full 3):
 PSYoungGen      total 8704K, used 448K [0x00000000eab00000, 0x00000000eb480000, 0x0000000100000000)
  eden space 8192K, 0% used [0x00000000eab00000,0x00000000eab00000,0x00000000eb300000)
  from space 512K, 87% used [0x00000000eb400000,0x00000000eb470000,0x00000000eb480000)
  to   space 512K, 0% used [0x00000000eb380000,0x00000000eb380000,0x00000000eb400000)
 ParOldGen       total 113664K, used 113383K [0x00000000c0000000, 0x00000000c6f00000, 0x00000000eab00000)
  object space 113664K, 99% used [0x00000000c0000000,0x00000000c6eb9f50,0x00000000c6f00000)
 Metaspace       used 64479K, committed 66048K, reserved 1114112K
  class space    used 6620K, committed 7296K, reserved 1048576K
}
Event: 59.563 GC heap before
{Heap before GC invocations=132 (full 3):
 PSYoungGen      total 8704K, used 8640K [0x00000000eab00000, 0x00000000eb480000, 0x0000000100000000)
  eden space 8192K, 100% used [0x00000000eab00000,0x00000000eb300000,0x00000000eb300000)
  from space 512K, 87% used [0x00000000eb400000,0x00000000eb470000,0x00000000eb480000)
  to   space 512K, 0% used [0x00000000eb380000,0x00000000eb380000,0x00000000eb400000)
 ParOldGen       total 113664K, used 113383K [0x00000000c0000000, 0x00000000c6f00000, 0x00000000eab00000)
  object space 113664K, 99% used [0x00000000c0000000,0x00000000c6eb9f50,0x00000000c6f00000)
 Metaspace       used 64481K, committed 66048K, reserved 1114112K
  class space    used 6620K, committed 7296K, reserved 1048576K
}
Event: 59.565 GC heap after
{Heap after GC invocations=132 (full 3):
 PSYoungGen      total 8704K, used 483K [0x00000000eab00000, 0x00000000eb500000, 0x0000000100000000)
  eden space 8192K, 0% used [0x00000000eab00000,0x00000000eab00000,0x00000000eb300000)
  from space 512K, 94% used [0x00000000eb380000,0x00000000eb3f8de8,0x00000000eb400000)
  to   space 1024K, 0% used [0x00000000eb400000,0x00000000eb400000,0x00000000eb500000)
 ParOldGen       total 114176K, used 113801K [0x00000000c0000000, 0x00000000c6f80000, 0x00000000eab00000)
  object space 114176K, 99% used [0x00000000c0000000,0x00000000c6f22728,0x00000000c6f80000)
 Metaspace       used 64481K, committed 66048K, reserved 1114112K
  class space    used 6620K, committed 7296K, reserved 1048576K
}
Event: 59.687 GC heap before
{Heap before GC invocations=133 (full 3):
 PSYoungGen      total 8704K, used 8675K [0x00000000eab00000, 0x00000000eb500000, 0x0000000100000000)
  eden space 8192K, 100% used [0x00000000eab00000,0x00000000eb300000,0x00000000eb300000)
  from space 512K, 94% used [0x00000000eb380000,0x00000000eb3f8de8,0x00000000eb400000)
  to   space 1024K, 0% used [0x00000000eb400000,0x00000000eb400000,0x00000000eb500000)
 ParOldGen       total 114176K, used 113801K [0x00000000c0000000, 0x00000000c6f80000, 0x00000000eab00000)
  object space 114176K, 99% used [0x00000000c0000000,0x00000000c6f22728,0x00000000c6f80000)
 Metaspace       used 64481K, committed 66048K, reserved 1114112K
  class space    used 6620K, committed 7296K, reserved 1048576K
}
Event: 59.690 GC heap after
{Heap after GC invocations=133 (full 3):
 PSYoungGen      total 9216K, used 347K [0x00000000eab00000, 0x00000000eb500000, 0x0000000100000000)
  eden space 8192K, 0% used [0x00000000eab00000,0x00000000eab00000,0x00000000eb300000)
  from space 1024K, 33% used [0x00000000eb400000,0x00000000eb456fc0,0x00000000eb500000)
  to   space 1024K, 0% used [0x00000000eb300000,0x00000000eb300000,0x00000000eb400000)
 ParOldGen       total 114688K, used 114261K [0x00000000c0000000, 0x00000000c7000000, 0x00000000eab00000)
  object space 114688K, 99% used [0x00000000c0000000,0x00000000c6f95510,0x00000000c7000000)
 Metaspace       used 64481K, committed 66048K, reserved 1114112K
  class space    used 6620K, committed 7296K, reserved 1048576K
}
Event: 59.763 GC heap before
{Heap before GC invocations=134 (full 3):
 PSYoungGen      total 9216K, used 8539K [0x00000000eab00000, 0x00000000eb500000, 0x0000000100000000)
  eden space 8192K, 100% used [0x00000000eab00000,0x00000000eb300000,0x00000000eb300000)
  from space 1024K, 33% used [0x00000000eb400000,0x00000000eb456fc0,0x00000000eb500000)
  to   space 1024K, 0% used [0x00000000eb300000,0x00000000eb300000,0x00000000eb400000)
 ParOldGen       total 114688K, used 114261K [0x00000000c0000000, 0x00000000c7000000, 0x00000000eab00000)
  object space 114688K, 99% used [0x00000000c0000000,0x00000000c6f95510,0x00000000c7000000)
 Metaspace       used 64481K, committed 66048K, reserved 1114112K
  class space    used 6620K, committed 7296K, reserved 1048576K
}
Event: 59.767 GC heap after
{Heap after GC invocations=134 (full 3):
 PSYoungGen      total 9216K, used 411K [0x00000000eab00000, 0x00000000eb480000, 0x0000000100000000)
  eden space 8192K, 0% used [0x00000000eab00000,0x00000000eab00000,0x00000000eb300000)
  from space 1024K, 40% used [0x00000000eb300000,0x00000000eb366fc0,0x00000000eb400000)
  to   space 512K, 0% used [0x00000000eb400000,0x00000000eb400000,0x00000000eb480000)
 ParOldGen       total 114688K, used 114451K [0x00000000c0000000, 0x00000000c7000000, 0x00000000eab00000)
  object space 114688K, 99% used [0x00000000c0000000,0x00000000c6fc4e78,0x00000000c7000000)
 Metaspace       used 64481K, committed 66048K, reserved 1114112K
  class space    used 6620K, committed 7296K, reserved 1048576K
}
Event: 59.920 GC heap before
{Heap before GC invocations=135 (full 3):
 PSYoungGen      total 9216K, used 8603K [0x00000000eab00000, 0x00000000eb480000, 0x0000000100000000)
  eden space 8192K, 100% used [0x00000000eab00000,0x00000000eb300000,0x00000000eb300000)
  from space 1024K, 40% used [0x00000000eb300000,0x00000000eb366fc0,0x00000000eb400000)
  to   space 512K, 0% used [0x00000000eb400000,0x00000000eb400000,0x00000000eb480000)
 ParOldGen       total 114688K, used 114451K [0x00000000c0000000, 0x00000000c7000000, 0x00000000eab00000)
  object space 114688K, 99% used [0x00000000c0000000,0x00000000c6fc4e78,0x00000000c7000000)
 Metaspace       used 64481K, committed 66048K, reserved 1114112K
  class space    used 6620K, committed 7296K, reserved 1048576K
}
Event: 59.924 GC heap after
{Heap after GC invocations=135 (full 3):
 PSYoungGen      total 9216K, used 8603K [0x00000000eab00000, 0x00000000eb480000, 0x0000000100000000)
  eden space 8192K, 100% used [0x00000000eab00000,0x00000000eb300000,0x00000000eb300000)
  from space 1024K, 40% used [0x00000000eb300000,0x00000000eb366fc0,0x00000000eb400000)
  to   space 512K, 56% used [0x00000000eb400000,0x00000000eb448000,0x00000000eb480000)
 ParOldGen       total 115200K, used 114703K [0x00000000c0000000, 0x00000000c7080000, 0x00000000eab00000)
  object space 115200K, 99% used [0x00000000c0000000,0x00000000c7003e38,0x00000000c7080000)
 Metaspace       used 64481K, committed 66048K, reserved 1114112K
  class space    used 6620K, committed 7296K, reserved 1048576K
}
Event: 59.924 GC heap before
{Heap before GC invocations=136 (full 4):
 PSYoungGen      total 9216K, used 8603K [0x00000000eab00000, 0x00000000eb480000, 0x0000000100000000)
  eden space 8192K, 100% used [0x00000000eab00000,0x00000000eb300000,0x00000000eb300000)
  from space 1024K, 40% used [0x00000000eb300000,0x00000000eb366fc0,0x00000000eb400000)
  to   space 512K, 56% used [0x00000000eb400000,0x00000000eb448000,0x00000000eb480000)
 ParOldGen       total 115200K, used 114703K [0x00000000c0000000, 0x00000000c7080000, 0x00000000eab00000)
  object space 115200K, 99% used [0x00000000c0000000,0x00000000c7003e38,0x00000000c7080000)
 Metaspace       used 64481K, committed 66048K, reserved 1114112K
  class space    used 6620K, committed 7296K, reserved 1048576K
}
Event: 60.273 GC heap after
{Heap after GC invocations=136 (full 4):
 PSYoungGen      total 8704K, used 0K [0x00000000eab00000, 0x00000000eb480000, 0x0000000100000000)
  eden space 8192K, 0% used [0x00000000eab00000,0x00000000eab00000,0x00000000eb300000)
  from space 512K, 0% used [0x00000000eb400000,0x00000000eb400000,0x00000000eb480000)
  to   space 512K, 0% used [0x00000000eb380000,0x00000000eb380000,0x00000000eb400000)
 ParOldGen       total 115200K, used 95049K [0x00000000c0000000, 0x00000000c7080000, 0x00000000eab00000)
  object space 115200K, 82% used [0x00000000c0000000,0x00000000c5cd2698,0x00000000c7080000)
 Metaspace       used 64481K, committed 66048K, reserved 1114112K
  class space    used 6620K, committed 7296K, reserved 1048576K
}

