# JRE version: OpenJDK Runtime Environment Temurin-21.0.7+6 (21.0.7+6) (build 21.0.7+6-LTS)
# Java VM: OpenJDK 64-Bit Server VM Temurin-21.0.7+6 (21.0.7+6-LTS, mixed mode, sharing, tiered, compressed oops, compressed class ptrs, parallel gc, windows-amd64)
GC Precious Log:
 CardTable entry size: 512
 CPUs: 8 total, 8 available
 Memory: 7886M
 Large Page Support: Disabled
 NUMA Support: Disabled
 Compressed Oops: Enabled (32-bit)
 Alignments: Space 512K, Generation 512K, Heap 2M
 Heap Min Capacity: 100M
 Heap Initial Capacity: 100M
 Heap Max Capacity: 1G
 Pre-touch: Disabled
 Parallel Workers: 8
Heap:
 PSYoungGen      total 27136K, used 10167K [0x00000000eab00000, 0x00000000ece00000, 0x0000000100000000)
  eden space 22528K, 40% used [0x00000000eab00000,0x00000000eb3ef690,0x00000000ec100000)
  from space 4608K, 22% used [0x00000000ec600000,0x00000000ec6fe940,0x00000000eca80000)
  to   space 2048K, 0% used [0x00000000ecc00000,0x00000000ecc00000,0x00000000ece00000)
 ParOldGen       total 457728K, used 457663K [0x00000000c0000000, 0x00000000dbf00000, 0x00000000eab00000)
  object space 457728K, 99% used [0x00000000c0000000,0x00000000dbeefef8,0x00000000dbf00000)
 Metaspace       used 78833K, committed 80576K, reserved 1179648K
  class space    used 8236K, committed 8960K, reserved 1048576K
GC Heap History (20 events):
Event: 200.872 GC heap before
{Heap before GC invocations=1913 (full 4):
 PSYoungGen      total 29696K, used 29632K [0x00000000eab00000, 0x00000000ec980000, 0x0000000100000000)
  eden space 29184K, 100% used [0x00000000eab00000,0x00000000ec780000,0x00000000ec780000)
  from space 512K, 87% used [0x00000000ec880000,0x00000000ec8f0000,0x00000000ec900000)
  to   space 512K, 0% used [0x00000000ec900000,0x00000000ec900000,0x00000000ec980000)
 ParOldGen       total 441856K, used 441553K [0x00000000c0000000, 0x00000000daf80000, 0x00000000eab00000)
  object space 441856K, 99% used [0x00000000c0000000,0x00000000daf34418,0x00000000daf80000)
 Metaspace       used 72246K, committed 73856K, reserved 1179648K
  class space    used 7480K, committed 8192K, reserved 1048576K
}
Event: 200.876 GC heap after
{Heap after GC invocations=1913 (full 4):
 PSYoungGen      total 29184K, used 448K [0x00000000eab00000, 0x00000000ec980000, 0x0000000100000000)
  eden space 28672K, 0% used [0x00000000eab00000,0x00000000eab00000,0x00000000ec700000)
  from space 512K, 87% used [0x00000000ec900000,0x00000000ec970000,0x00000000ec980000)
  to   space 512K, 0% used [0x00000000ec880000,0x00000000ec880000,0x00000000ec900000)
 ParOldGen       total 441856K, used 441713K [0x00000000c0000000, 0x00000000daf80000, 0x00000000eab00000)
  object space 441856K, 99% used [0x00000000c0000000,0x00000000daf5c418,0x00000000daf80000)
 Metaspace       used 72246K, committed 73856K, reserved 1179648K
  class space    used 7480K, committed 8192K, reserved 1048576K
}
Event: 201.021 GC heap before
{Heap before GC invocations=1914 (full 4):
 PSYoungGen      total 29184K, used 29120K [0x00000000eab00000, 0x00000000ec980000, 0x0000000100000000)
  eden space 28672K, 100% used [0x00000000eab00000,0x00000000ec700000,0x00000000ec700000)
  from space 512K, 87% used [0x00000000ec900000,0x00000000ec970000,0x00000000ec980000)
  to   space 512K, 0% used [0x00000000ec880000,0x00000000ec880000,0x00000000ec900000)
 ParOldGen       total 441856K, used 441713K [0x00000000c0000000, 0x00000000daf80000, 0x00000000eab00000)
  object space 441856K, 99% used [0x00000000c0000000,0x00000000daf5c418,0x00000000daf80000)
 Metaspace       used 72246K, committed 73856K, reserved 1179648K
  class space    used 7480K, committed 8192K, reserved 1048576K
}
Event: 201.027 GC heap after
{Heap after GC invocations=1914 (full 4):
 PSYoungGen      total 28672K, used 512K [0x00000000eab00000, 0x00000000ec980000, 0x0000000100000000)
  eden space 28160K, 0% used [0x00000000eab00000,0x00000000eab00000,0x00000000ec680000)
  from space 512K, 100% used [0x00000000ec880000,0x00000000ec900000,0x00000000ec900000)
  to   space 512K, 0% used [0x00000000ec900000,0x00000000ec900000,0x00000000ec980000)
 ParOldGen       total 442368K, used 442025K [0x00000000c0000000, 0x00000000db000000, 0x00000000eab00000)
  object space 442368K, 99% used [0x00000000c0000000,0x00000000dafaa418,0x00000000db000000)
 Metaspace       used 72246K, committed 73856K, reserved 1179648K
  class space    used 7480K, committed 8192K, reserved 1048576K
}
Event: 201.074 GC heap before
{Heap before GC invocations=1915 (full 4):
 PSYoungGen      total 28672K, used 28672K [0x00000000eab00000, 0x00000000ec980000, 0x0000000100000000)
  eden space 28160K, 100% used [0x00000000eab00000,0x00000000ec680000,0x00000000ec680000)
  from space 512K, 100% used [0x00000000ec880000,0x00000000ec900000,0x00000000ec900000)
  to   space 512K, 0% used [0x00000000ec900000,0x00000000ec900000,0x00000000ec980000)
 ParOldGen       total 442368K, used 442025K [0x00000000c0000000, 0x00000000db000000, 0x00000000eab00000)
  object space 442368K, 99% used [0x00000000c0000000,0x00000000dafaa418,0x00000000db000000)
 Metaspace       used 72246K, committed 73856K, reserved 1179648K
  class space    used 7480K, committed 8192K, reserved 1048576K
}
Event: 201.077 GC heap after
{Heap after GC invocations=1915 (full 4):
 PSYoungGen      total 28160K, used 448K [0x00000000eab00000, 0x00000000ec980000, 0x0000000100000000)
  eden space 27648K, 0% used [0x00000000eab00000,0x00000000eab00000,0x00000000ec600000)
  from space 512K, 87% used [0x00000000ec900000,0x00000000ec970000,0x00000000ec980000)
  to   space 1024K, 0% used [0x00000000ec780000,0x00000000ec780000,0x00000000ec880000)
 ParOldGen       total 442368K, used 442217K [0x00000000c0000000, 0x00000000db000000, 0x00000000eab00000)
  object space 442368K, 99% used [0x00000000c0000000,0x00000000dafda418,0x00000000db000000)
 Metaspace       used 72246K, committed 73856K, reserved 1179648K
  class space    used 7480K, committed 8192K, reserved 1048576K
}
Event: 202.011 GC heap before
{Heap before GC invocations=1916 (full 4):
 PSYoungGen      total 28160K, used 28096K [0x00000000eab00000, 0x00000000ec980000, 0x0000000100000000)
  eden space 27648K, 100% used [0x00000000eab00000,0x00000000ec600000,0x00000000ec600000)
  from space 512K, 87% used [0x00000000ec900000,0x00000000ec970000,0x00000000ec980000)
  to   space 1024K, 0% used [0x00000000ec780000,0x00000000ec780000,0x00000000ec880000)
 ParOldGen       total 442368K, used 442217K [0x00000000c0000000, 0x00000000db000000, 0x00000000eab00000)
  object space 442368K, 99% used [0x00000000c0000000,0x00000000dafda418,0x00000000db000000)
 Metaspace       used 72304K, committed 73920K, reserved 1179648K
  class space    used 7486K, committed 8192K, reserved 1048576K
}
Event: 202.017 GC heap after
{Heap after GC invocations=1916 (full 4):
 PSYoungGen      total 28160K, used 704K [0x00000000eab00000, 0x00000000ec980000, 0x0000000100000000)
  eden space 27136K, 0% used [0x00000000eab00000,0x00000000eab00000,0x00000000ec580000)
  from space 1024K, 68% used [0x00000000ec780000,0x00000000ec830020,0x00000000ec880000)
  to   space 1024K, 0% used [0x00000000ec880000,0x00000000ec880000,0x00000000ec980000)
 ParOldGen       total 442368K, used 442329K [0x00000000c0000000, 0x00000000db000000, 0x00000000eab00000)
  object space 442368K, 99% used [0x00000000c0000000,0x00000000daff6418,0x00000000db000000)
 Metaspace       used 72304K, committed 73920K, reserved 1179648K
  class space    used 7486K, committed 8192K, reserved 1048576K
}
Event: 203.375 GC heap before
{Heap before GC invocations=1917 (full 4):
 PSYoungGen      total 28160K, used 27840K [0x00000000eab00000, 0x00000000ec980000, 0x0000000100000000)
  eden space 27136K, 100% used [0x00000000eab00000,0x00000000ec580000,0x00000000ec580000)
  from space 1024K, 68% used [0x00000000ec780000,0x00000000ec830020,0x00000000ec880000)
  to   space 1024K, 0% used [0x00000000ec880000,0x00000000ec880000,0x00000000ec980000)
 ParOldGen       total 442368K, used 442329K [0x00000000c0000000, 0x00000000db000000, 0x00000000eab00000)
  object space 442368K, 99% used [0x00000000c0000000,0x00000000daff6418,0x00000000db000000)
 Metaspace       used 72744K, committed 74432K, reserved 1179648K
  class space    used 7557K, committed 8320K, reserved 1048576K
}
Event: 203.387 GC heap after
{Heap after GC invocations=1917 (full 4):
 PSYoungGen      total 26624K, used 992K [0x00000000eab00000, 0x00000000ece00000, 0x0000000100000000)
  eden space 25600K, 0% used [0x00000000eab00000,0x00000000eab00000,0x00000000ec400000)
  from space 1024K, 96% used [0x00000000ec880000,0x00000000ec978010,0x00000000ec980000)
  to   space 4608K, 0% used [0x00000000ec400000,0x00000000ec400000,0x00000000ec880000)
 ParOldGen       total 445440K, used 444963K [0x00000000c0000000, 0x00000000db300000, 0x00000000eab00000)
  object space 445440K, 99% used [0x00000000c0000000,0x00000000db288c18,0x00000000db300000)
 Metaspace       used 72744K, committed 74432K, reserved 1179648K
  class space    used 7557K, committed 8320K, reserved 1048576K
}
Event: 204.698 GC heap before
{Heap before GC invocations=1918 (full 4):
 PSYoungGen      total 26624K, used 26592K [0x00000000eab00000, 0x00000000ece00000, 0x0000000100000000)
  eden space 25600K, 100% used [0x00000000eab00000,0x00000000ec400000,0x00000000ec400000)
  from space 1024K, 96% used [0x00000000ec880000,0x00000000ec978010,0x00000000ec980000)
  to   space 4608K, 0% used [0x00000000ec400000,0x00000000ec400000,0x00000000ec880000)
 ParOldGen       total 445440K, used 444963K [0x00000000c0000000, 0x00000000db300000, 0x00000000eab00000)
  object space 445440K, 99% used [0x00000000c0000000,0x00000000db288c18,0x00000000db300000)
 Metaspace       used 73445K, committed 75136K, reserved 1179648K
  class space    used 7614K, committed 8384K, reserved 1048576K
}
Event: 204.706 GC heap after
{Heap after GC invocations=1918 (full 4):
 PSYoungGen      total 27136K, used 1540K [0x00000000eab00000, 0x00000000ec900000, 0x0000000100000000)
  eden space 25088K, 0% used [0x00000000eab00000,0x00000000eab00000,0x00000000ec380000)
  from space 2048K, 75% used [0x00000000ec400000,0x00000000ec581210,0x00000000ec600000)
  to   space 2560K, 0% used [0x00000000ec680000,0x00000000ec680000,0x00000000ec900000)
 ParOldGen       total 445952K, used 445614K [0x00000000c0000000, 0x00000000db380000, 0x00000000eab00000)
  object space 445952K, 99% used [0x00000000c0000000,0x00000000db32bb48,0x00000000db380000)
 Metaspace       used 73445K, committed 75136K, reserved 1179648K
  class space    used 7614K, committed 8384K, reserved 1048576K
}
Event: 205.852 GC heap before
{Heap before GC invocations=1919 (full 4):
 PSYoungGen      total 27136K, used 26628K [0x00000000eab00000, 0x00000000ec900000, 0x0000000100000000)
  eden space 25088K, 100% used [0x00000000eab00000,0x00000000ec380000,0x00000000ec380000)
  from space 2048K, 75% used [0x00000000ec400000,0x00000000ec581210,0x00000000ec600000)
  to   space 2560K, 0% used [0x00000000ec680000,0x00000000ec680000,0x00000000ec900000)
 ParOldGen       total 445952K, used 445614K [0x00000000c0000000, 0x00000000db380000, 0x00000000eab00000)
  object space 445952K, 99% used [0x00000000c0000000,0x00000000db32bb48,0x00000000db380000)
 Metaspace       used 74721K, committed 76416K, reserved 1179648K
  class space    used 7710K, committed 8448K, reserved 1048576K
}
Event: 205.858 GC heap after
{Heap after GC invocations=1919 (full 4):
 PSYoungGen      total 26624K, used 2542K [0x00000000eab00000, 0x00000000ecb00000, 0x0000000100000000)
  eden space 24064K, 0% used [0x00000000eab00000,0x00000000eab00000,0x00000000ec280000)
  from space 2560K, 99% used [0x00000000ec680000,0x00000000ec8fba90,0x00000000ec900000)
  to   space 4096K, 0% used [0x00000000ec280000,0x00000000ec280000,0x00000000ec680000)
 ParOldGen       total 446464K, used 446411K [0x00000000c0000000, 0x00000000db400000, 0x00000000eab00000)
  object space 446464K, 99% used [0x00000000c0000000,0x00000000db3f2de8,0x00000000db400000)
 Metaspace       used 74721K, committed 76416K, reserved 1179648K
  class space    used 7710K, committed 8448K, reserved 1048576K
}
Event: 206.240 GC heap before
{Heap before GC invocations=1920 (full 4):
 PSYoungGen      total 26624K, used 26606K [0x00000000eab00000, 0x00000000ecb00000, 0x0000000100000000)
  eden space 24064K, 100% used [0x00000000eab00000,0x00000000ec280000,0x00000000ec280000)
  from space 2560K, 99% used [0x00000000ec680000,0x00000000ec8fba90,0x00000000ec900000)
  to   space 4096K, 0% used [0x00000000ec280000,0x00000000ec280000,0x00000000ec680000)
 ParOldGen       total 446464K, used 446411K [0x00000000c0000000, 0x00000000db400000, 0x00000000eab00000)
  object space 446464K, 99% used [0x00000000c0000000,0x00000000db3f2de8,0x00000000db400000)
 Metaspace       used 75503K, committed 77248K, reserved 1179648K
  class space    used 7765K, committed 8512K, reserved 1048576K
}
Event: 206.250 GC heap after
{Heap after GC invocations=1920 (full 4):
 PSYoungGen      total 27648K, used 4091K [0x00000000eab00000, 0x00000000ed900000, 0x0000000100000000)
  eden space 23552K, 0% used [0x00000000eab00000,0x00000000eab00000,0x00000000ec200000)
  from space 4096K, 99% used [0x00000000ec280000,0x00000000ec67ef10,0x00000000ec680000)
  to   space 11776K, 0% used [0x00000000ecd80000,0x00000000ecd80000,0x00000000ed900000)
 ParOldGen       total 453120K, used 452625K [0x00000000c0000000, 0x00000000dba80000, 0x00000000eab00000)
  object space 453120K, 99% used [0x00000000c0000000,0x00000000dba04560,0x00000000dba80000)
 Metaspace       used 75503K, committed 77248K, reserved 1179648K
  class space    used 7765K, committed 8512K, reserved 1048576K
}
Event: 207.047 GC heap before
{Heap before GC invocations=1921 (full 4):
 PSYoungGen      total 27648K, used 27638K [0x00000000eab00000, 0x00000000ed900000, 0x0000000100000000)
  eden space 23552K, 99% used [0x00000000eab00000,0x00000000ec1feb20,0x00000000ec200000)
  from space 4096K, 99% used [0x00000000ec280000,0x00000000ec67ef10,0x00000000ec680000)
  to   space 11776K, 0% used [0x00000000ecd80000,0x00000000ecd80000,0x00000000ed900000)
 ParOldGen       total 453120K, used 452625K [0x00000000c0000000, 0x00000000dba80000, 0x00000000eab00000)
  object space 453120K, 99% used [0x00000000c0000000,0x00000000dba04560,0x00000000dba80000)
 Metaspace       used 77124K, committed 78912K, reserved 1179648K
  class space    used 8013K, committed 8768K, reserved 1048576K
}
Event: 207.054 GC heap after
{Heap after GC invocations=1921 (full 4):
 PSYoungGen      total 24576K, used 1130K [0x00000000eab00000, 0x00000000ecf00000, 0x0000000100000000)
  eden space 23040K, 0% used [0x00000000eab00000,0x00000000eab00000,0x00000000ec180000)
  from space 1536K, 73% used [0x00000000ecd80000,0x00000000ece9a910,0x00000000ecf00000)
  to   space 4608K, 0% used [0x00000000ec600000,0x00000000ec600000,0x00000000eca80000)
 ParOldGen       total 456704K, used 456701K [0x00000000c0000000, 0x00000000dbe00000, 0x00000000eab00000)
  object space 456704K, 99% used [0x00000000c0000000,0x00000000dbdff4a8,0x00000000dbe00000)
 Metaspace       used 77124K, committed 78912K, reserved 1179648K
  class space    used 8013K, committed 8768K, reserved 1048576K
}
Event: 812.619 GC heap before
{Heap before GC invocations=1922 (full 4):
 PSYoungGen      total 24576K, used 24170K [0x00000000eab00000, 0x00000000ecf00000, 0x0000000100000000)
  eden space 23040K, 100% used [0x00000000eab00000,0x00000000ec180000,0x00000000ec180000)
  from space 1536K, 73% used [0x00000000ecd80000,0x00000000ece9a910,0x00000000ecf00000)
  to   space 4608K, 0% used [0x00000000ec600000,0x00000000ec600000,0x00000000eca80000)
 ParOldGen       total 456704K, used 456701K [0x00000000c0000000, 0x00000000dbe00000, 0x00000000eab00000)
  object space 456704K, 99% used [0x00000000c0000000,0x00000000dbdff4a8,0x00000000dbe00000)
 Metaspace       used 78809K, committed 80576K, reserved 1179648K
  class space    used 8236K, committed 8960K, reserved 1048576K
}
Event: 812.983 GC heap after
{Heap after GC invocations=1922 (full 4):
 PSYoungGen      total 27136K, used 1018K [0x00000000eab00000, 0x00000000ece00000, 0x0000000100000000)
  eden space 22528K, 0% used [0x00000000eab00000,0x00000000eab00000,0x00000000ec100000)
  from space 4608K, 22% used [0x00000000ec600000,0x00000000ec6fe940,0x00000000eca80000)
  to   space 2048K, 0% used [0x00000000ecc00000,0x00000000ecc00000,0x00000000ece00000)
 ParOldGen       total 457728K, used 457663K [0x00000000c0000000, 0x00000000dbf00000, 0x00000000eab00000)
  object space 457728K, 99% used [0x00000000c0000000,0x00000000dbeefef8,0x00000000dbf00000)
 Metaspace       used 78809K, committed 80576K, reserved 1179648K
  class space    used 8236K, committed 8960K, reserved 1048576K
}

